<?xml version="1.0" encoding="UTF-8"?>
<testsuite name="org.adaschool.Weather.WeatherApplicationTests" tests="2" skipped="0" failures="0" errors="0" timestamp="2024-05-24T05:56:42" hostname="MacBook-Pro-de-Roberto.local" time="0.017">
  <properties/>
  <testcase name="testGetWeatherReport()" classname="org.adaschool.Weather.WeatherApplicationTests" time="0.014"/>
  <testcase name="contextLoads()" classname="org.adaschool.Weather.WeatherApplicationTests" time="0.002"/>
  <system-out><![CDATA[23:56:42.015 [Test worker] DEBUG org.springframework.boot.test.context.SpringBootTestContextBootstrapper - Neither @ContextConfiguration nor @ContextHierarchy found for test class [WeatherApplicationTests]: using SpringBootContextLoader
23:56:42.017 [Test worker] DEBUG org.springframework.test.context.support.AbstractContextLoader - Could not detect default resource locations for test class [org.adaschool.Weather.WeatherApplicationTests]: no resource found for suffixes {-context.xml, Context.groovy}.
23:56:42.027 [Test worker] DEBUG org.springframework.boot.test.context.SpringBootTestContextBootstrapper - Using ContextCustomizers for test class [WeatherApplicationTests]: [DisableObservabilityContextCustomizer, PropertyMappingContextCustomizer, Customizer, ExcludeFilterContextCustomizer, DuplicateJsonObjectContextCustomizer, MockitoContextCustomizer, TestRestTemplateContextCustomizer]
23:56:42.065 [Test worker] DEBUG org.springframework.test.context.util.TestContextSpringFactoriesUtils - Skipping candidate TestExecutionListener [org.springframework.test.context.transaction.TransactionalTestExecutionListener] due to a missing dependency. Specify custom TestExecutionListener classes or make the default TestExecutionListener classes and their required dependencies available. Offending class: [org/springframework/transaction/interceptor/TransactionAttributeSource]
23:56:42.066 [Test worker] DEBUG org.springframework.test.context.util.TestContextSpringFactoriesUtils - Skipping candidate TestExecutionListener [org.springframework.test.context.jdbc.SqlScriptsTestExecutionListener] due to a missing dependency. Specify custom TestExecutionListener classes or make the default TestExecutionListener classes and their required dependencies available. Offending class: [org/springframework/transaction/interceptor/TransactionAttribute]
23:56:42.066 [Test worker] DEBUG org.springframework.boot.test.context.SpringBootTestContextBootstrapper - Using TestExecutionListeners for test class [WeatherApplicationTests]: [ServletTestExecutionListener, DirtiesContextBeforeModesTestExecutionListener, ApplicationEventsTestExecutionListener, MockitoTestExecutionListener, DependencyInjectionTestExecutionListener, DirtiesContextTestExecutionListener, EventPublishingTestExecutionListener, RestDocsTestExecutionListener, MockRestServiceServerResetTestExecutionListener, MockMvcPrintOnlyOnFailureTestExecutionListener, WebDriverTestExecutionListener, MockWebServiceServerTestExecutionListener, ResetMocksTestExecutionListener]
23:56:42.067 [Test worker] DEBUG org.springframework.test.context.support.AbstractDirtiesContextTestExecutionListener - Before test class: class [WeatherApplicationTests], class annotated with @DirtiesContext [false] with mode [null]

  .   ____          _            __ _ _
 /\\ / ___'_ __ _ _(_)_ __  __ _ \ \ \ \
( ( )\___ | '_ | '_| | '_ \/ _` | \ \ \ \
 \\/  ___)| |_)| | | | | || (_| |  ) ) ) )
  '  |____| .__|_| |_|_| |_\__, | / / / /
 =========|_|==============|___/=/_/_/_/
 :: Spring Boot ::                (v3.0.3)

2024-05-23T23:56:42.170-06:00  INFO 3615 --- [    Test worker] o.a.Weather.WeatherApplicationTests      : Starting WeatherApplicationTests using Java 19.0.2 with PID 3615 (started by macbookproroberto in /Users/macbookproroberto/Documents/Documentos de la Universidad/Algoritmos y Estructuras de Datos/weather-api-springboot-java)
2024-05-23T23:56:42.171-06:00  INFO 3615 --- [    Test worker] o.a.Weather.WeatherApplicationTests      : No active profile set, falling back to 1 default profile: "default"
2024-05-23T23:56:42.233-06:00  INFO 3615 --- [    Test worker] o.a.Weather.WeatherApplicationTests      : Started WeatherApplicationTests in 0.148 seconds (process running for 0.696)
]]></system-out>
  <system-err><![CDATA[]]></system-err>
</testsuite>
